# JRE version: Java(TM) SE Runtime Environment (8.0_102-b04) (build 1.8.0_102-ea-b04)
# Java VM: Java HotSpot(TM) 64-Bit Server VM (25.102-b04 mixed mode bsd-amd64 compressed oops)
Heap:
 PSYoungGen      total 270848K, used 188011K [0x000000076ab00000, 0x000000077c800000, 0x00000007c0000000)
  eden space 259072K, 68% used [0x000000076ab00000,0x0000000775721890,0x000000077a800000)
  from space 11776K, 99% used [0x000000077b680000,0x000000077c1f94a8,0x000000077c200000)
  to   space 14848K, 0% used [0x000000077a800000,0x000000077a800000,0x000000077b680000)
 ParOldGen       total 90624K, used 16465K [0x00000006c0000000, 0x00000006c5880000, 0x000000076ab00000)
  object space 90624K, 18% used [0x00000006c0000000,0x00000006c1014500,0x00000006c5880000)
 Metaspace       used 27835K, capacity 29036K, committed 29312K, reserved 1075200K
  class space    used 3455K, capacity 3712K, committed 3712K, reserved 1048576K
GC Heap History (10 events):
Event: 173.811 GC heap before
{Heap before GC invocations=5 (full 1):
 PSYoungGen      total 76288K, used 70335K [0x000000076ab00000, 0x0000000770000000, 0x00000007c0000000)
  eden space 65536K, 99% used [0x000000076ab00000,0x000000076eae41a0,0x000000076eb00000)
  from space 10752K, 45% used [0x000000076eb00000,0x000000076efcbda8,0x000000076f580000)
  to   space 10752K, 0% used [0x000000076f580000,0x000000076f580000,0x0000000770000000)
 ParOldGen       total 90624K, used 13390K [0x00000006c0000000, 0x00000006c5880000, 0x000000076ab00000)
  object space 90624K, 14% used [0x00000006c0000000,0x00000006c0d138c8,0x00000006c5880000)
 Metaspace       used 23347K, capacity 24374K, committed 24704K, reserved 1071104K
  class space    used 3107K, capacity 3349K, committed 3456K, reserved 1048576K
Event: 173.814 GC heap after
Heap after GC invocations=5 (full 1):
 PSYoungGen      total 76288K, used 3705K [0x000000076ab00000, 0x0000000774000000, 0x00000007c0000000)
  eden space 65536K, 0% used [0x000000076ab00000,0x000000076ab00000,0x000000076eb00000)
  from space 10752K, 34% used [0x000000076f580000,0x000000076f91e7e0,0x0000000770000000)
  to   space 10752K, 0% used [0x000000076eb00000,0x000000076eb00000,0x000000076f580000)
 ParOldGen       total 90624K, used 13390K [0x00000006c0000000, 0x00000006c5880000, 0x000000076ab00000)
  object space 90624K, 14% used [0x00000006c0000000,0x00000006c0d138c8,0x00000006c5880000)
 Metaspace       used 23347K, capacity 24374K, committed 24704K, reserved 1071104K
  class space    used 3107K, capacity 3349K, committed 3456K, reserved 1048576K
}
Event: 173.826 GC heap before
{Heap before GC invocations=6 (full 1):
 PSYoungGen      total 76288K, used 69115K [0x000000076ab00000, 0x0000000774000000, 0x00000007c0000000)
  eden space 65536K, 99% used [0x000000076ab00000,0x000000076eae0608,0x000000076eb00000)
  from space 10752K, 34% used [0x000000076f580000,0x000000076f91e7e0,0x0000000770000000)
  to   space 10752K, 0% used [0x000000076eb00000,0x000000076eb00000,0x000000076f580000)
 ParOldGen       total 90624K, used 13390K [0x00000006c0000000, 0x00000006c5880000, 0x000000076ab00000)
  object space 90624K, 14% used [0x00000006c0000000,0x00000006c0d138c8,0x00000006c5880000)
 Metaspace       used 23347K, capacity 24374K, committed 24704K, reserved 1071104K
  class space    used 3107K, capacity 3349K, committed 3456K, reserved 1048576K
Event: 173.829 GC heap after
Heap after GC invocations=6 (full 1):
 PSYoungGen      total 76288K, used 3707K [0x000000076ab00000, 0x0000000774000000, 0x00000007c0000000)
  eden space 65536K, 0% used [0x000000076ab00000,0x000000076ab00000,0x000000076eb00000)
  from space 10752K, 34% used [0x000000076eb00000,0x000000076ee9efd8,0x000000076f580000)
  to   space 10752K, 0% used [0x0000000773580000,0x0000000773580000,0x0000000774000000)
 ParOldGen       total 90624K, used 13390K [0x00000006c0000000, 0x00000006c5880000, 0x000000076ab00000)
  object space 90624K, 14% used [0x00000006c0000000,0x00000006c0d138c8,0x00000006c5880000)
 Metaspace       used 23347K, capacity 24374K, committed 24704K, reserved 1071104K
  class space    used 3107K, capacity 3349K, committed 3456K, reserved 1048576K
}
Event: 173.841 GC heap before
{Heap before GC invocations=7 (full 1):
 PSYoungGen      total 76288K, used 69218K [0x000000076ab00000, 0x0000000774000000, 0x00000007c0000000)
  eden space 65536K, 99% used [0x000000076ab00000,0x000000076eaf98c0,0x000000076eb00000)
  from space 10752K, 34% used [0x000000076eb00000,0x000000076ee9efd8,0x000000076f580000)
  to   space 10752K, 0% used [0x0000000773580000,0x0000000773580000,0x0000000774000000)
 ParOldGen       total 90624K, used 13390K [0x00000006c0000000, 0x00000006c5880000, 0x000000076ab00000)
  object space 90624K, 14% used [0x00000006c0000000,0x00000006c0d138c8,0x00000006c5880000)
 Metaspace       used 23347K, capacity 24374K, committed 24704K, reserved 1071104K
  class space    used 3107K, capacity 3349K, committed 3456K, reserved 1048576K
Event: 173.844 GC heap after
Heap after GC invocations=7 (full 1):
 PSYoungGen      total 141824K, used 3783K [0x000000076ab00000, 0x0000000774000000, 0x00000007c0000000)
  eden space 131072K, 0% used [0x000000076ab00000,0x000000076ab00000,0x0000000772b00000)
  from space 10752K, 35% used [0x0000000773580000,0x0000000773931ee0,0x0000000774000000)
  to   space 10752K, 0% used [0x0000000772b00000,0x0000000772b00000,0x0000000773580000)
 ParOldGen       total 90624K, used 13398K [0x00000006c0000000, 0x00000006c5880000, 0x000000076ab00000)
  object space 90624K, 14% used [0x00000006c0000000,0x00000006c0d158c8,0x00000006c5880000)
 Metaspace       used 23347K, capacity 24374K, committed 24704K, reserved 1071104K
  class space    used 3107K, capacity 3349K, committed 3456K, reserved 1048576K
}
Event: 205.664 GC heap before
{Heap before GC invocations=8 (full 1):
 PSYoungGen      total 141824K, used 134855K [0x000000076ab00000, 0x0000000774000000, 0x00000007c0000000)
  eden space 131072K, 100% used [0x000000076ab00000,0x0000000772b00000,0x0000000772b00000)
  from space 10752K, 35% used [0x0000000773580000,0x0000000773931ee0,0x0000000774000000)
  to   space 10752K, 0% used [0x0000000772b00000,0x0000000772b00000,0x0000000773580000)
 ParOldGen       total 90624K, used 13398K [0x00000006c0000000, 0x00000006c5880000, 0x000000076ab00000)
  object space 90624K, 14% used [0x00000006c0000000,0x00000006c0d158c8,0x00000006c5880000)
 Metaspace       used 25395K, capacity 26460K, committed 26624K, reserved 1073152K
  class space    used 3248K, capacity 3468K, committed 3584K, reserved 1048576K
Event: 205.670 GC heap after
Heap after GC invocations=8 (full 1):
 PSYoungGen      total 141824K, used 9246K [0x000000076ab00000, 0x000000077c200000, 0x00000007c0000000)
  eden space 131072K, 0% used [0x000000076ab00000,0x000000076ab00000,0x0000000772b00000)
  from space 10752K, 86% used [0x0000000772b00000,0x0000000773407b30,0x0000000773580000)
  to   space 11776K, 0% used [0x000000077b680000,0x000000077b680000,0x000000077c200000)
 ParOldGen       total 90624K, used 13406K [0x00000006c0000000, 0x00000006c5880000, 0x000000076ab00000)
  object space 90624K, 14% used [0x00000006c0000000,0x00000006c0d178c8,0x00000006c5880000)
 Metaspace       used 25395K, capacity 26460K, committed 26624K, reserved 1073152K
  class space    used 3248K, capacity 3468K, committed 3584K, reserved 1048576K
}
Event: 272.749 GC heap before
{Heap before GC invocations=9 (full 1):
 PSYoungGen      total 141824K, used 140318K [0x000000076ab00000, 0x000000077c200000, 0x00000007c0000000)
  eden space 131072K, 100% used [0x000000076ab00000,0x0000000772b00000,0x0000000772b00000)
  from space 10752K, 86% used [0x0000000772b00000,0x0000000773407b30,0x0000000773580000)
  to   space 11776K, 0% used [0x000000077b680000,0x000000077b680000,0x000000077c200000)
 ParOldGen       total 90624K, used 13406K [0x00000006c0000000, 0x00000006c5880000, 0x000000076ab00000)
  object space 90624K, 14% used [0x00000006c0000000,0x00000006c0d178e8,0x00000006c5880000)
 Metaspace       used 25997K, capacity 27106K, committed 27392K, reserved 1073152K
  class space    used 3291K, capacity 3519K, committed 3584K, reserved 1048576K
Event: 272.757 GC heap after
Heap after GC invocations=9 (full 1):
 PSYoungGen      total 270848K, used 11749K [0x000000076ab00000, 0x000000077c800000, 0x00000007c0000000)
  eden space 259072K, 0% used [0x000000076ab00000,0x000000076ab00000,0x000000077a800000)
  from space 11776K, 99% used [0x000000077b680000,0x000000077c1f94a8,0x000000077c200000)
  to   space 14848K, 0% used [0x000000077a800000,0x000000077a800000,0x000000077b680000)
 ParOldGen       total 90624K, used 16465K [0x00000006c0000000, 0x00000006c5880000, 0x000000076ab00000)
  object space 90624K, 18% used [0x00000006c0000000,0x00000006c1014500,0x00000006c5880000)
 Metaspace       used 25997K, capacity 27106K, committed 27392K, reserved 1073152K
  class space    used 3291K, capacity 3519K, committed 3584K, reserved 1048576K
}

